WARNING: A restricted method in java.lang.System has been called
WARNING: java.lang.System::load has been called by net.rubygrapefruit.platform.internal.NativeLibraryLoader in an unnamed module (file:/Users/ryuya2/.gradle/wrapper/dists/gradle-8.4-bin/1w5dpkrfk8irigvoxmyhowfim/gradle-8.4/lib/native-platform-0.22-milestone-25.jar)
WARNING: Use --enable-native-access=ALL-UNNAMED to avoid a warning for callers in this module
WARNING: Restricted methods will be blocked in a future release unless native access is enabled

> Task :app:checkKotlinGradlePluginConfigurationErrors
> Task :app:preBuild UP-TO-DATE
> Task :app:preDebugBuild UP-TO-DATE
> Task :app:checkDebugAarMetadata UP-TO-DATE
> Task :app:generateDebugResValues UP-TO-DATE
> Task :app:mapDebugSourceSetPaths UP-TO-DATE
> Task :app:generateDebugResources UP-TO-DATE
> Task :app:mergeDebugResources UP-TO-DATE
> Task :app:packageDebugResources UP-TO-DATE
> Task :app:parseDebugLocalResources UP-TO-DATE
> Task :app:createDebugCompatibleScreenManifests UP-TO-DATE
> Task :app:extractDeepLinksDebug UP-TO-DATE
> Task :app:processDebugMainManifest UP-TO-DATE
> Task :app:processDebugManifest UP-TO-DATE
> Task :app:processDebugManifestForPackage UP-TO-DATE
> Task :app:processDebugResources UP-TO-DATE
> Task :app:kaptGenerateStubsDebugKotlin UP-TO-DATE
> Task :app:kaptDebugKotlin UP-TO-DATE

> Task :app:compileDebugKotlin FAILED
e: file:///Users/ryuya2/repos/wind_plotter/android-app/app/src/main/java/com/example/windplotter/services/DataCollectionService.kt:18:25 Unresolved reference: keylisteners
e: file:///Users/ryuya2/repos/wind_plotter/android-app/app/src/main/java/com/example/windplotter/services/DataCollectionService.kt:126:52 Unresolved reference: create
e: file:///Users/ryuya2/repos/wind_plotter/android-app/app/src/main/java/com/example/windplotter/services/DataCollectionService.kt:126:79 Unresolved reference: WIND_SPEED
e: file:///Users/ryuya2/repos/wind_plotter/android-app/app/src/main/java/com/example/windplotter/services/DataCollectionService.kt:127:53 Unresolved reference: create
e: file:///Users/ryuya2/repos/wind_plotter/android-app/app/src/main/java/com/example/windplotter/services/DataCollectionService.kt:127:80 Unresolved reference: WIND_DIRECTION
e: file:///Users/ryuya2/repos/wind_plotter/android-app/app/src/main/java/com/example/windplotter/services/DataCollectionService.kt:128:51 Unresolved reference: create
e: file:///Users/ryuya2/repos/wind_plotter/android-app/app/src/main/java/com/example/windplotter/services/DataCollectionService.kt:128:78 Unresolved reference: AIRCRAFT_LOCATION_3D
e: file:///Users/ryuya2/repos/wind_plotter/android-app/app/src/main/java/com/example/windplotter/services/DataCollectionService.kt:138:47 Type mismatch: inferred type is (???, ???, Any?) -> Unit but ((TypeVariable(Result)?, TypeVariable(Result)?) -> Unit)! was expected
e: file:///Users/ryuya2/repos/wind_plotter/android-app/app/src/main/java/com/example/windplotter/services/DataCollectionService.kt:138:49 Cannot infer a type for this parameter. Please specify it explicitly.
e: file:///Users/ryuya2/repos/wind_plotter/android-app/app/src/main/java/com/example/windplotter/services/DataCollectionService.kt:138:49 Expected 2 parameters of types ???, ???
e: file:///Users/ryuya2/repos/wind_plotter/android-app/app/src/main/java/com/example/windplotter/services/DataCollectionService.kt:138:52 Cannot infer a type for this parameter. Please specify it explicitly.
e: file:///Users/ryuya2/repos/wind_plotter/android-app/app/src/main/java/com/example/windplotter/services/DataCollectionService.kt:138:55 Cannot infer a type for this parameter. Please specify it explicitly.
e: file:///Users/ryuya2/repos/wind_plotter/android-app/app/src/main/java/com/example/windplotter/services/DataCollectionService.kt:144:48 Type mismatch: inferred type is (???, ???, Any?) -> Unit but ((TypeVariable(Result)?, TypeVariable(Result)?) -> Unit)! was expected
e: file:///Users/ryuya2/repos/wind_plotter/android-app/app/src/main/java/com/example/windplotter/services/DataCollectionService.kt:144:50 Cannot infer a type for this parameter. Please specify it explicitly.
e: file:///Users/ryuya2/repos/wind_plotter/android-app/app/src/main/java/com/example/windplotter/services/DataCollectionService.kt:144:50 Expected 2 parameters of types ???, ???
e: file:///Users/ryuya2/repos/wind_plotter/android-app/app/src/main/java/com/example/windplotter/services/DataCollectionService.kt:144:53 Cannot infer a type for this parameter. Please specify it explicitly.
e: file:///Users/ryuya2/repos/wind_plotter/android-app/app/src/main/java/com/example/windplotter/services/DataCollectionService.kt:144:56 Cannot infer a type for this parameter. Please specify it explicitly.
e: file:///Users/ryuya2/repos/wind_plotter/android-app/app/src/main/java/com/example/windplotter/services/DataCollectionService.kt:150:46 Type mismatch: inferred type is (???, ???, Any?) -> Unit but ((TypeVariable(Result)?, TypeVariable(Result)?) -> Unit)! was expected
e: file:///Users/ryuya2/repos/wind_plotter/android-app/app/src/main/java/com/example/windplotter/services/DataCollectionService.kt:150:48 Cannot infer a type for this parameter. Please specify it explicitly.
e: file:///Users/ryuya2/repos/wind_plotter/android-app/app/src/main/java/com/example/windplotter/services/DataCollectionService.kt:150:48 Expected 2 parameters of types ???, ???
e: file:///Users/ryuya2/repos/wind_plotter/android-app/app/src/main/java/com/example/windplotter/services/DataCollectionService.kt:150:51 Cannot infer a type for this parameter. Please specify it explicitly.
e: file:///Users/ryuya2/repos/wind_plotter/android-app/app/src/main/java/com/example/windplotter/services/DataCollectionService.kt:150:54 Cannot infer a type for this parameter. Please specify it explicitly.
e: file:///Users/ryuya2/repos/wind_plotter/android-app/app/src/main/java/com/example/windplotter/services/DataCollectionService.kt:182:34 Suspend function 'insert' should be called only from a coroutine or another suspend function
e: file:///Users/ryuya2/repos/wind_plotter/android-app/app/src/main/java/com/example/windplotter/services/DataCollectionService.kt:205:29 Unresolved reference: drawable
e: file:///Users/ryuya2/repos/wind_plotter/android-app/app/src/main/java/com/example/windplotter/ui/screens/MissionCreationScreen.kt:52:34 Unresolved reference. None of the following candidates is applicable because of receiver type mismatch: 
public inline operator fun <T : Any, R : ClosedRange<TypeVariable(T)>> TypeVariable(R).contains(element: TypeVariable(T)?): Boolean where R : Iterable<TypeVariable(T)> defined in kotlin.ranges
public inline operator fun <T : Any, R : OpenEndRange<TypeVariable(T)>> TypeVariable(R).contains(element: TypeVariable(T)?): Boolean where R : Iterable<TypeVariable(T)> defined in kotlin.ranges
public operator fun <T> Array<out TypeVariable(T)>.contains(element: TypeVariable(T)): Boolean defined in kotlin.collections
public operator fun BooleanArray.contains(element: Boolean): Boolean defined in kotlin.collections
public operator fun ByteArray.contains(element: Byte): Boolean defined in kotlin.collections
public operator fun CharArray.contains(element: Char): Boolean defined in kotlin.collections
public operator fun CharSequence.contains(char: Char, ignoreCase: Boolean = ...): Boolean defined in kotlin.text
public operator fun CharSequence.contains(other: CharSequence, ignoreCase: Boolean = ...): Boolean defined in kotlin.text
public inline operator fun CharSequence.contains(regex: Regex): Boolean defined in kotlin.text
public operator fun IntArray.contains(element: Int): Boolean defined in kotlin.collections
public operator fun LongArray.contains(element: Long): Boolean defined in kotlin.collections
public operator fun ShortArray.contains(element: Short): Boolean defined in kotlin.collections
public operator fun <T> Iterable<TypeVariable(T)>.contains(element: TypeVariable(T)): Boolean defined in kotlin.collections
public inline operator fun <K, V> Map<out TypeVariable(K), TypeVariable(V)>.contains(key: TypeVariable(K)): Boolean defined in kotlin.collections
public inline operator fun CharRange.contains(element: Char?): Boolean defined in kotlin.ranges
public operator fun ClosedRange<Byte>.contains(value: Int): Boolean defined in kotlin.ranges
public operator fun ClosedRange<Byte>.contains(value: Long): Boolean defined in kotlin.ranges
public operator fun ClosedRange<Byte>.contains(value: Short): Boolean defined in kotlin.ranges
public operator fun ClosedRange<Double>.contains(value: Float): Boolean defined in kotlin.ranges
public operator fun ClosedRange<Float>.contains(value: Double): Boolean defined in kotlin.ranges
public operator fun ClosedRange<Int>.contains(value: Byte): Boolean defined in kotlin.ranges
public operator fun ClosedRange<Int>.contains(value: Long): Boolean defined in kotlin.ranges
public operator fun ClosedRange<Int>.contains(value: Short): Boolean defined in kotlin.ranges
public operator fun ClosedRange<Long>.contains(value: Byte): Boolean defined in kotlin.ranges
public operator fun ClosedRange<Long>.contains(value: Int): Boolean defined in kotlin.ranges
public operator fun ClosedRange<Long>.contains(value: Short): Boolean defined in kotlin.ranges
public operator fun ClosedRange<Short>.contains(value: Byte): Boolean defined in kotlin.ranges
public operator fun ClosedRange<Short>.contains(value: Int): Boolean defined in kotlin.ranges
public operator fun ClosedRange<Short>.contains(value: Long): Boolean defined in kotlin.ranges
public inline operator fun IntRange.contains(value: Byte): Boolean defined in kotlin.ranges
public inline operator fun IntRange.contains(element: Int?): Boolean defined in kotlin.ranges
public inline operator fun IntRange.contains(value: Long): Boolean defined in kotlin.ranges
public inline operator fun IntRange.contains(value: Short): Boolean defined in kotlin.ranges
public inline operator fun LongRange.contains(value: Byte): Boolean defined in kotlin.ranges
public inline operator fun LongRange.contains(value: Int): Boolean defined in kotlin.ranges
public inline operator fun LongRange.contains(element: Long?): Boolean defined in kotlin.ranges
public inline operator fun LongRange.contains(value: Short): Boolean defined in kotlin.ranges
public operator fun OpenEndRange<Byte>.contains(value: Int): Boolean defined in kotlin.ranges
public operator fun OpenEndRange<Byte>.contains(value: Long): Boolean defined in kotlin.ranges
public operator fun OpenEndRange<Byte>.contains(value: Short): Boolean defined in kotlin.ranges
public operator fun OpenEndRange<Double>.contains(value: Float): Boolean defined in kotlin.ranges
public operator fun OpenEndRange<Int>.contains(value: Byte): Boolean defined in kotlin.ranges
public operator fun OpenEndRange<Int>.contains(value: Long): Boolean defined in kotlin.ranges
public operator fun OpenEndRange<Int>.contains(value: Short): Boolean defined in kotlin.ranges
public operator fun OpenEndRange<Long>.contains(value: Byte): Boolean defined in kotlin.ranges
public operator fun OpenEndRange<Long>.contains(value: Int): Boolean defined in kotlin.ranges
public operator fun OpenEndRange<Long>.contains(value: Short): Boolean defined in kotlin.ranges
public operator fun OpenEndRange<Short>.contains(value: Byte): Boolean defined in kotlin.ranges
public operator fun OpenEndRange<Short>.contains(value: Int): Boolean defined in kotlin.ranges
public operator fun OpenEndRange<Short>.contains(value: Long): Boolean defined in kotlin.ranges
public operator fun UIntRange.contains(value: UByte): Boolean defined in kotlin.ranges
public inline operator fun UIntRange.contains(element: UInt?): Boolean defined in kotlin.ranges
public operator fun UIntRange.contains(value: ULong): Boolean defined in kotlin.ranges
public operator fun UIntRange.contains(value: UShort): Boolean defined in kotlin.ranges
public operator fun ULongRange.contains(value: UByte): Boolean defined in kotlin.ranges
public operator fun ULongRange.contains(value: UInt): Boolean defined in kotlin.ranges
public inline operator fun ULongRange.contains(element: ULong?): Boolean defined in kotlin.ranges
public operator fun ULongRange.contains(value: UShort): Boolean defined in kotlin.ranges
public operator fun <T> Sequence<TypeVariable(T)>.contains(element: TypeVariable(T)): Boolean defined in kotlin.sequences

FAILURE: Build failed with an exception.

* What went wrong:
Execution failed for task ':app:compileDebugKotlin'.
> A failure occurred while executing org.jetbrains.kotlin.compilerRunner.GradleCompilerRunnerWithWorkers$GradleKotlinCompilerWorkAction
   > Compilation error. See log for more details

* Try:
> Run with --stacktrace option to get the stack trace.
> Run with --info or --debug option to get more log output.
> Run with --scan to get full insights.
> Get more help at https://help.gradle.org.

BUILD FAILED in 1s
16 actionable tasks: 2 executed, 14 up-to-date
